
/home/runner/work/exp-introduction-conduction-iitb/exp-introduction-conduction-iitb/experiment/simulation/common_libraries/js/ts_components/collapse_step.js
   1:10  warning  'show_step' is defined but never used                 no-unused-vars
   2:5   warning  '$' is not defined                                    no-undef
   3:9   warning  '$' is not defined                                    no-undef
   6:10  warning  'hide_step' is defined but never used                 no-unused-vars
   7:5   warning  '$' is not defined                                    no-undef
   8:9   warning  '$' is not defined                                    no-undef
  11:10  warning  'get_collapse_btn_text' is defined but never used     no-unused-vars
  20:10  warning  'get_collapse_btn_element' is defined but never used  no-unused-vars
  29:10  warning  'hide_all_steps' is defined but never used            no-unused-vars
  31:9   warning  '$' is not defined                                    no-undef

/home/runner/work/exp-introduction-conduction-iitb/exp-introduction-conduction-iitb/experiment/simulation/common_libraries/js/ts_components/matrix.js
   27:26  warning  'MathJax' is not defined                                no-undef
   32:7   warning  'Matrix_Without_String' is defined but never used       no-unused-vars
   52:26  warning  'MathJax' is not defined                                no-undef
   56:10  warning  'get_matrix_html' is defined but never used             no-unused-vars
   87:13  warning  'row_html' is assigned a value but never used           no-unused-vars
   99:10  warning  'get_matrix_html_with_title' is defined but never used  no-unused-vars
  131:13  warning  'row_html' is assigned a value but never used           no-unused-vars
  143:10  warning  'convert_2d_to_1d_vector' is defined but never used     no-unused-vars
  156:10  warning  'convert_1d_to_2d_matrix' is defined but never used     no-unused-vars

/home/runner/work/exp-introduction-conduction-iitb/exp-introduction-conduction-iitb/experiment/simulation/common_libraries/js/ts_components/pannel.js
  8:7  warning  'Pannel' is defined but never used  no-unused-vars

/home/runner/work/exp-introduction-conduction-iitb/exp-introduction-conduction-iitb/experiment/simulation/common_libraries/js/ts_components/questions.js
   6:17  warning  'op1' is assigned a value but never used      no-unused-vars
   7:17  warning  'op2' is assigned a value but never used      no-unused-vars
   8:17  warning  'op3' is assigned a value but never used      no-unused-vars
   9:17  warning  'op4' is assigned a value but never used      no-unused-vars
  94:7   warning  'Question_Options' is defined but never used  no-unused-vars

/home/runner/work/exp-introduction-conduction-iitb/exp-introduction-conduction-iitb/experiment/simulation/common_libraries/js/ts_components/tables.js
   19:22  warning  'verify_values' is not defined                                     no-undef
  137:22  warning  'verify_values' is not defined                                     no-undef
  260:7   warning  'Verify_Rows_Cols_6_decimal_places' is defined but never used      no-unused-vars
  311:22  warning  'verify_values' is not defined                                     no-undef
  416:7   warning  'Verify_Rows_Cols_Custom_Fixed_Update1' is defined but never used  no-unused-vars
  468:7   warning  'Show_Table_Custom_Fixed' is defined but never used                no-unused-vars
  506:7   warning  'Verify_Rows_Cols_Strings' is defined but never used               no-unused-vars
  527:22  warning  'verify_values' is not defined                                     no-undef
  663:7   warning  'Display_Table' is defined but never used                          no-unused-vars

/home/runner/work/exp-introduction-conduction-iitb/exp-introduction-conduction-iitb/experiment/simulation/common_libraries/js/ts_math_library/general_math_functions.js
    1:10  warning  'verify_values' is defined but never used                   no-unused-vars
   17:10  warning  'random1' is defined but never used                         no-unused-vars
   21:10  warning  'std_deviation' is defined but never used                   no-unused-vars
   26:10  warning  'gauss' is defined but never used                           no-unused-vars
   56:10  warning  'hide_panel' is defined but never used                      no-unused-vars
   63:10  warning  'inverse_matrix' is defined but never used                  no-unused-vars
   96:10  warning  'matrix_multiplication' is defined but never used           no-unused-vars
  113:10  warning  'transpose_matrix' is defined but never used                no-unused-vars
  123:10  warning  'matrix_multiplication_8decimal' is defined but never used  no-unused-vars
  140:10  warning  'adjoint_2x2_matrix' is defined but never used              no-unused-vars
  145:10  warning  'find_deteminant' is defined but never used                 no-unused-vars
  174:10  warning  'get_Submatrix' is defined but never used                   no-unused-vars

/home/runner/work/exp-introduction-conduction-iitb/exp-introduction-conduction-iitb/experiment/simulation/common_libraries/js/ts_math_library/regression.js
   1:10  warning  'regression_linear' is defined but never used            no-unused-vars
  18:10  warning  'regression_linear_1variable' is defined but never used  no-unused-vars
  27:10  warning  'regression_linear_2variable' is defined but never used  no-unused-vars
  52:11  warning  'gauss' is not defined                                   no-undef

/home/runner/work/exp-introduction-conduction-iitb/exp-introduction-conduction-iitb/experiment/simulation/common_libraries/math.ob.js
  1:745  warning  'b' is already defined  no-redeclare

/home/runner/work/exp-introduction-conduction-iitb/exp-introduction-conduction-iitb/experiment/simulation/js/activity1.js
   15:9    warning  'MathJax' is not defined                        no-undef
   19:10   warning  'start_act1' is defined but never used          no-unused-vars
   24:20   warning  'get_collapse_btn_text' is not defined          no-undef
   34:70   warning  'L_a1' is not defined                           no-undef
   34:88   warning  'h_a1' is not defined                           no-undef
   34:112  warning  'b_a1' is not defined                           no-undef
   34:180  warning  'T1_a1' is not defined                          no-undef
   34:197  warning  'T2_a1' is not defined                          no-undef
   35:41   warning  'K_a1' is not defined                           no-undef
   36:53   warning  'x_a1' is not defined                           no-undef
   59:5    warning  'hide_all_steps' is not defined                 no-undef
   61:9    warning  'MathJax' is not defined                        no-undef
   64:9    warning  'show_step' is not defined                      no-undef
   69:5    warning  'L_a1' is not defined                           no-undef
   69:23   warning  'random' is not defined                         no-undef
   70:5    warning  'h_a1' is not defined                           no-undef
   70:23   warning  'random' is not defined                         no-undef
   71:5    warning  'b_a1' is not defined                           no-undef
   71:23   warning  'random' is not defined                         no-undef
   72:5    warning  'T1_a1' is not defined                          no-undef
   72:13   warning  'random1' is not defined                        no-undef
   73:5    warning  'T2_a1' is not defined                          no-undef
   73:13   warning  'random1' is not defined                        no-undef
   74:5    warning  'x_a1' is not defined                           no-undef
   74:23   warning  'random' is not defined                         no-undef
   75:5    warning  'Q_a1' is not defined                           no-undef
   75:14   warning  'K_a1' is not defined                           no-undef
   75:21   warning  'L_a1' is not defined                           no-undef
   75:28   warning  'h_a1' is not defined                           no-undef
   75:36   warning  'b_a1' is not defined                           no-undef
   75:45   warning  'T1_a1' is not defined                          no-undef
   75:53   warning  'T2_a1' is not defined                          no-undef
   76:5    warning  'Tx_a1' is not defined                          no-undef
   76:13   warning  'T1_a1' is not defined                          no-undef
   76:22   warning  'x_a1' is not defined                           no-undef
   76:29   warning  'b_a1' is not defined                           no-undef
   76:38   warning  'T1_a1' is not defined                          no-undef
   76:46   warning  'T2_a1' is not defined                          no-undef
   77:25   warning  'L_a1' is not defined                           no-undef
   78:25   warning  'h_a1' is not defined                           no-undef
   79:25   warning  'b_a1' is not defined                           no-undef
   80:26   warning  'T1_a1' is not defined                          no-undef
   81:26   warning  'T2_a1' is not defined                          no-undef
   82:25   warning  'x_a1' is not defined                           no-undef
   83:25   warning  'Q_a1' is not defined                           no-undef
   84:26   warning  'Tx_a1' is not defined                          no-undef
   86:10   warning  'a1_verify_ht' is defined but never used        no-unused-vars
   88:17   warning  'Q_a1' is not defined                           no-undef
   89:10   warning  'verify_values' is not defined                  no-undef
   89:47   warning  'Q_a1' is not defined                           no-undef
  103:57   warning  'Q_a1' is not defined                           no-undef
  109:21   warning  'x_a1' is not defined                           no-undef
  131:9    warning  'MathJax' is not defined                        no-undef
  134:10   warning  'a1_verify_tx' is defined but never used        no-unused-vars
  136:17   warning  'Tx_a1' is not defined                          no-undef
  137:10   warning  'verify_values' is not defined                  no-undef
  137:47   warning  'Tx_a1' is not defined                          no-undef
  151:65   warning  'Tx_a1' is not defined                          no-undef
  151:84   warning  Unnecessary escape character: \°                no-useless-escape
  161:9    warning  'MathJax' is not defined                        no-undef
  164:10   warning  'activity_completed' is defined but never used  no-unused-vars

/home/runner/work/exp-introduction-conduction-iitb/exp-introduction-conduction-iitb/experiment/simulation/js/activity2.js
    2:10   warning  'activity2' is defined but never used     no-unused-vars
    5:20   warning  'get_collapse_btn_text' is not defined    no-undef
   15:30   warning  'L_a2' is not defined                     no-undef
   15:90   warning  'T1_a2' is not defined                    no-undef
   15:109  warning  'T2_a2' is not defined                    no-undef
   16:45   warning  'r1_cm_a2' is not defined                 no-undef
   16:62   warning  'r2_cm_a2' is not defined                 no-undef
   17:72   warning  'r_cm_a2' is not defined                  no-undef
   18:42   warning  'K_a2' is not defined                     no-undef
   27:31   warning  Unnecessary escape character: \π          no-useless-escape
   37:5    warning  'maindiv' is not defined                  no-undef
   38:5    warning  'hide_all_steps' is not defined           no-undef
   40:9    warning  'MathJax' is not defined                  no-undef
   43:9    warning  'show_step' is not defined                no-undef
   48:5    warning  'T1_a2' is not defined                    no-undef
   48:13   warning  'random1' is not defined                  no-undef
   49:5    warning  'T2_a2' is not defined                    no-undef
   49:13   warning  'random1' is not defined                  no-undef
   50:5    warning  'r1_cm_a2' is not defined                 no-undef
   50:27   warning  'random' is not defined                   no-undef
   51:5    warning  'r2_cm_a2' is not defined                 no-undef
   51:27   warning  'random' is not defined                   no-undef
   52:5    warning  'r_cm_a2' is not defined                  no-undef
   52:26   warning  'random' is not defined                   no-undef
   53:5    warning  'r1_m_a2' is not defined                  no-undef
   53:27   warning  'r1_cm_a2' is not defined                 no-undef
   54:5    warning  'r2_m_a2' is not defined                  no-undef
   54:27   warning  'r2_cm_a2' is not defined                 no-undef
   55:5    warning  'r_m_a2' is not defined                   no-undef
   55:26   warning  'r_cm_a2' is not defined                  no-undef
   56:5    warning  'Ae_a2' is not defined                    no-undef
   57:24   warning  'L_a2' is not defined                     no-undef
   57:32   warning  'r2_m_a2' is not defined                  no-undef
   57:42   warning  'r1_m_a2' is not defined                  no-undef
   58:22   warning  'r2_m_a2' is not defined                  no-undef
   58:32   warning  'r1_m_a2' is not defined                  no-undef
   59:5    warning  'Q_a2' is not defined                     no-undef
   59:12   warning  'K_a2' is not defined                     no-undef
   59:19   warning  'Ae_a2' is not defined                    no-undef
   59:29   warning  'T1_a2' is not defined                    no-undef
   59:37   warning  'T2_a2' is not defined                    no-undef
   59:47   warning  'r2_m_a2' is not defined                  no-undef
   59:57   warning  'r1_m_a2' is not defined                  no-undef
   60:5    warning  'Tr_a2' is not defined                    no-undef
   61:9    warning  'T1_a2' is not defined                    no-undef
   62:23   warning  'r_m_a2' is not defined                   no-undef
   62:32   warning  'r1_m_a2' is not defined                  no-undef
   62:52   warning  'r2_m_a2' is not defined                  no-undef
   62:62   warning  'r1_m_a2' is not defined                  no-undef
   63:18   warning  'T1_a2' is not defined                    no-undef
   63:26   warning  'T2_a2' is not defined                    no-undef
   64:26   warning  'T1_a2' is not defined                    no-undef
   65:26   warning  'T2_a2' is not defined                    no-undef
   66:29   warning  'r1_cm_a2' is not defined                 no-undef
   67:29   warning  'r2_cm_a2' is not defined                 no-undef
   68:28   warning  'r_cm_a2' is not defined                  no-undef
   69:28   warning  'r1_m_a2' is not defined                  no-undef
   70:28   warning  'r2_m_a2' is not defined                  no-undef
   71:27   warning  'r_m_a2' is not defined                   no-undef
   72:26   warning  'Ae_a2' is not defined                    no-undef
   73:25   warning  'Q_a2' is not defined                     no-undef
   74:26   warning  'Tr_a2' is not defined                    no-undef
   76:10   warning  'a2_verify_Ae' is defined but never used  no-unused-vars
   78:17   warning  'Ae_a2' is not defined                    no-undef
   79:10   warning  'verify_values' is not defined            no-undef
   79:47   warning  'Ae_a2' is not defined                    no-undef
   93:25   warning  Unnecessary escape character: \π          no-useless-escape
   93:95   warning  'Ae_a2' is not defined                    no-undef
  116:9    warning  'MathJax' is not defined                  no-undef
  119:10   warning  'a2_verify_ht' is defined but never used  no-unused-vars
  121:17   warning  'Q_a2' is not defined                     no-undef
  122:10   warning  'verify_values' is not defined            no-undef
  122:47   warning  'Q_a2' is not defined                     no-undef
  136:80   warning  'Q_a2' is not defined                     no-undef
  142:24   warning  'r_m_a2' is not defined                   no-undef
  164:9    warning  'MathJax' is not defined                  no-undef
  167:10   warning  'a2_verify_tr' is defined but never used  no-unused-vars
  169:17   warning  'Tr_a2' is not defined                    no-undef
  170:10   warning  'verify_values' is not defined            no-undef
  170:47   warning  'Tr_a2' is not defined                    no-undef
  184:130  warning  'Tr_a2' is not defined                    no-undef
  184:148  warning  Unnecessary escape character: \°          no-useless-escape
  193:9    warning  'MathJax' is not defined                  no-undef

/home/runner/work/exp-introduction-conduction-iitb/exp-introduction-conduction-iitb/experiment/simulation/js/activity3.js
    2:10   warning  'activity3' is defined but never used     no-unused-vars
    5:20   warning  'get_collapse_btn_text' is not defined    no-undef
   15:53   warning  'r1_cm_a3' is not defined                 no-undef
   15:70   warning  'r2_cm_a3' is not defined                 no-undef
   16:61   warning  'T1_a3' is not defined                    no-undef
   16:78   warning  'T2_a3' is not defined                    no-undef
   16:112  warning  'K_a3' is not defined                     no-undef
   17:61   warning  'r_cm_a3' is not defined                  no-undef
   26:24   warning  Unnecessary escape character: \π          no-useless-escape
   36:5    warning  'maindiv' is not defined                  no-undef
   37:5    warning  'hide_all_steps' is not defined           no-undef
   39:9    warning  'MathJax' is not defined                  no-undef
   42:9    warning  'show_step' is not defined                no-undef
   47:5    warning  'T1_a3' is not defined                    no-undef
   47:13   warning  'random1' is not defined                  no-undef
   48:5    warning  'T2_a3' is not defined                    no-undef
   48:13   warning  'random1' is not defined                  no-undef
   49:5    warning  'r1_cm_a3' is not defined                 no-undef
   49:27   warning  'random' is not defined                   no-undef
   50:5    warning  'r2_cm_a3' is not defined                 no-undef
   50:27   warning  'random' is not defined                   no-undef
   51:5    warning  'r_cm_a3' is not defined                  no-undef
   51:26   warning  'random' is not defined                   no-undef
   52:5    warning  'r1_m_a3' is not defined                  no-undef
   52:27   warning  'r1_cm_a3' is not defined                 no-undef
   53:5    warning  'r2_m_a3' is not defined                  no-undef
   53:27   warning  'r2_cm_a3' is not defined                 no-undef
   54:5    warning  'r_m_a3' is not defined                   no-undef
   54:26   warning  'r_cm_a3' is not defined                  no-undef
   55:5    warning  'Ae_a3' is not defined                    no-undef
   55:27   warning  'r1_m_a3' is not defined                  no-undef
   55:37   warning  'r2_m_a3' is not defined                  no-undef
   56:5    warning  'Q_a3' is not defined                     no-undef
   56:12   warning  'K_a3' is not defined                     no-undef
   56:19   warning  'Ae_a3' is not defined                    no-undef
   56:29   warning  'T1_a3' is not defined                    no-undef
   56:37   warning  'T2_a3' is not defined                    no-undef
   56:47   warning  'r2_m_a3' is not defined                  no-undef
   56:57   warning  'r1_m_a3' is not defined                  no-undef
   57:5    warning  'Tr_a3' is not defined                    no-undef
   58:9    warning  'T1_a3' is not defined                    no-undef
   59:19   warning  'r1_m_a3' is not defined                  no-undef
   59:33   warning  'r_m_a3' is not defined                   no-undef
   59:48   warning  'r1_m_a3' is not defined                  no-undef
   59:62   warning  'r2_m_a3' is not defined                  no-undef
   60:18   warning  'T1_a3' is not defined                    no-undef
   60:26   warning  'T2_a3' is not defined                    no-undef
   61:26   warning  'T1_a3' is not defined                    no-undef
   62:26   warning  'T2_a3' is not defined                    no-undef
   63:29   warning  'r1_cm_a3' is not defined                 no-undef
   64:29   warning  'r2_cm_a3' is not defined                 no-undef
   65:28   warning  'r_cm_a3' is not defined                  no-undef
   66:28   warning  'r1_m_a3' is not defined                  no-undef
   67:28   warning  'r2_m_a3' is not defined                  no-undef
   68:27   warning  'r_m_a3' is not defined                   no-undef
   69:26   warning  'Ae_a3' is not defined                    no-undef
   70:25   warning  'Q_a3' is not defined                     no-undef
   71:26   warning  'Tr_a3' is not defined                    no-undef
   73:10   warning  'a3_verify_Ae' is defined but never used  no-unused-vars
   75:17   warning  'Ae_a3' is not defined                    no-undef
   76:10   warning  'verify_values' is not defined            no-undef
   76:47   warning  'Ae_a3' is not defined                    no-undef
   90:18   warning  Unnecessary escape character: \π          no-useless-escape
   90:43   warning  'Ae_a3' is not defined                    no-undef
  113:9    warning  'MathJax' is not defined                  no-undef
  116:10   warning  'a3_verify_ht' is defined but never used  no-unused-vars
  118:17   warning  'Q_a3' is not defined                     no-undef
  119:10   warning  'verify_values' is not defined            no-undef
  119:47   warning  'Q_a3' is not defined                     no-undef
  133:80   warning  'Q_a3' is not defined                     no-undef
  139:24   warning  'r_m_a3' is not defined                   no-undef
  161:9    warning  'MathJax' is not defined                  no-undef
  164:10   warning  'a3_verify_tr' is defined but never used  no-unused-vars
  166:17   warning  'Tr_a3' is not defined                    no-undef
  167:10   warning  'verify_values' is not defined            no-undef
  167:47   warning  'Tr_a3' is not defined                    no-undef
  181:123  warning  'Tr_a3' is not defined                    no-undef
  181:141  warning  Unnecessary escape character: \°          no-useless-escape
  190:9    warning  'MathJax' is not defined                  no-undef

/home/runner/work/exp-introduction-conduction-iitb/exp-introduction-conduction-iitb/experiment/simulation/js/data.js
   2:5  warning  'T1_a1' is assigned a value but never used    no-unused-vars
   3:5  warning  'T2_a1' is assigned a value but never used    no-unused-vars
   4:5  warning  'L_a1' is assigned a value but never used     no-unused-vars
   5:5  warning  'h_a1' is assigned a value but never used     no-unused-vars
   6:5  warning  'b_a1' is assigned a value but never used     no-unused-vars
   7:5  warning  'K_a1' is assigned a value but never used     no-unused-vars
   8:5  warning  'x_a1' is assigned a value but never used     no-unused-vars
   9:5  warning  'Q_a1' is defined but never used              no-unused-vars
  10:5  warning  'Tx_a1' is defined but never used             no-unused-vars
  12:5  warning  'T1_a2' is assigned a value but never used    no-unused-vars
  13:5  warning  'T2_a2' is assigned a value but never used    no-unused-vars
  17:5  warning  'r1_m_a2' is assigned a value but never used  no-unused-vars
  18:5  warning  'r2_m_a2' is assigned a value but never used  no-unused-vars
  19:5  warning  'r_m_a2' is assigned a value but never used   no-unused-vars
  20:5  warning  'K_a2' is assigned a value but never used     no-unused-vars
  21:5  warning  'L_a2' is assigned a value but never used     no-unused-vars
  22:5  warning  'Ae_a2' is defined but never used             no-unused-vars
  23:5  warning  'Q_a2' is defined but never used              no-unused-vars
  24:5  warning  'Tr_a2' is defined but never used             no-unused-vars
  28:5  warning  'r1_m_a3' is assigned a value but never used  no-unused-vars
  29:5  warning  'r2_m_a3' is assigned a value but never used  no-unused-vars
  30:5  warning  'T1_a3' is assigned a value but never used    no-unused-vars
  31:5  warning  'T2_a3' is assigned a value but never used    no-unused-vars
  32:5  warning  'K_a3' is assigned a value but never used     no-unused-vars
  34:5  warning  'r_m_a3' is assigned a value but never used   no-unused-vars
  35:5  warning  'Ae_a3' is defined but never used             no-unused-vars
  36:5  warning  'Q_a3' is defined but never used              no-unused-vars
  37:5  warning  'Tr_a3' is defined but never used             no-unused-vars

/home/runner/work/exp-introduction-conduction-iitb/exp-introduction-conduction-iitb/experiment/simulation/js/screen_size.js
  1:10  warning  'set_screen_size' is defined but never used  no-unused-vars

✖ 303 problems (0 errors, 303 warnings)

